/*C22*/SET SCHEMA PUBLIC
CREATE TABLE IF NOT EXISTS Punishments (id INTEGER IDENTITY PRIMARY KEY,name VARCHAR(16),uuid VARCHAR(35),reason VARCHAR(100),operator VARCHAR(16),punishmentType VARCHAR(16),start BIGINT,end BIGINT,calculation VARCHAR(50))
CREATE TABLE IF NOT EXISTS PunishmentHistory (id INTEGER IDENTITY PRIMARY KEY,name VARCHAR(16),uuid VARCHAR(35),reason VARCHAR(100),operator VARCHAR(16),punishmentType VARCHAR(16),start BIGINT,end BIGINT,calculation VARCHAR(50))
INSERT INTO PUNISHMENTHISTORY VALUES(16,'The_boi_noodle','the_boi_noodle','cursing','bluecherry_','WARNING',1700584908016,-1,'')
COMMIT
INSERT INTO PUNISHMENTS VALUES(6,'The_boi_noodle','the_boi_noodle','cursing','bluecherry_','WARNING',1700584908016,-1,'')
COMMIT
/*C28*/SET SCHEMA PUBLIC
DISCONNECT
/*C24*/SET SCHEMA PUBLIC
DISCONNECT
/*C27*/SET SCHEMA PUBLIC
DISCONNECT
/*C23*/SET SCHEMA PUBLIC
DISCONNECT
/*C26*/SET SCHEMA PUBLIC
DISCONNECT
/*C22*/DISCONNECT
/*C31*/SET SCHEMA PUBLIC
DISCONNECT
/*C29*/SET SCHEMA PUBLIC
DISCONNECT
/*C25*/SET SCHEMA PUBLIC
DISCONNECT
/*C30*/SET SCHEMA PUBLIC
DISCONNECT
/*C32*/SET SCHEMA PUBLIC
INSERT INTO PUNISHMENTHISTORY VALUES(17,'meh','meh','none','CONSOLE','WARNING',1700586875665,-1,'')
COMMIT
INSERT INTO PUNISHMENTS VALUES(7,'meh','meh','none','CONSOLE','WARNING',1700586875665,-1,'')
COMMIT
DELETE FROM PUNISHMENTS WHERE ID=7
COMMIT
INSERT INTO PUNISHMENTHISTORY VALUES(18,'The_boi_noodle','the_boi_noodle','nono bad word','CONSOLE','WARNING',1700586929043,-1,'')
COMMIT
INSERT INTO PUNISHMENTS VALUES(8,'The_boi_noodle','the_boi_noodle','nono bad word','CONSOLE','WARNING',1700586929043,-1,'')
COMMIT
INSERT INTO PUNISHMENTHISTORY VALUES(19,'the','the','slander','bluecherry_','WARNING',1700587494999,-1,'')
COMMIT
INSERT INTO PUNISHMENTS VALUES(9,'the','the','slander','bluecherry_','WARNING',1700587494999,-1,'')
COMMIT
INSERT INTO PUNISHMENTHISTORY VALUES(20,'The_boi_noodle','the_boi_noodle','slander','bluecherry_','WARNING',1700587498792,-1,'')
COMMIT
INSERT INTO PUNISHMENTS VALUES(10,'The_boi_noodle','the_boi_noodle','slander','bluecherry_','WARNING',1700587498792,-1,'')
COMMIT
INSERT INTO PUNISHMENTHISTORY VALUES(21,'The_boi_noodle','the_boi_noodle','&c&oYou have received your 3rd warning!','CONSOLE','KICK',1700587498797,-1,'')
COMMIT
INSERT INTO PUNISHMENTHISTORY VALUES(22,'The_boi_noodle','the_boi_noodle','slander','bluecherry_','WARNING',1700587517493,-1,'')
COMMIT
INSERT INTO PUNISHMENTS VALUES(11,'The_boi_noodle','the_boi_noodle','slander','bluecherry_','WARNING',1700587517493,-1,'')
COMMIT
INSERT INTO PUNISHMENTHISTORY VALUES(23,'The_boi_noodle','the_boi_noodle','&c&oYou have received your 4th warning!','CONSOLE','TEMP_BAN',1700587517505,1700589317505,'')
COMMIT
INSERT INTO PUNISHMENTS VALUES(12,'The_boi_noodle','the_boi_noodle','&c&oYou have received your 4th warning!','CONSOLE','TEMP_BAN',1700587517505,1700589317505,'')
COMMIT
DELETE FROM PUNISHMENTS WHERE ID=12
COMMIT
/*C35*/SET SCHEMA PUBLIC
DISCONNECT
/*C38*/SET SCHEMA PUBLIC
DISCONNECT
/*C37*/SET SCHEMA PUBLIC
DISCONNECT
/*C33*/SET SCHEMA PUBLIC
DISCONNECT
/*C32*/DISCONNECT
/*C36*/SET SCHEMA PUBLIC
DISCONNECT
/*C39*/SET SCHEMA PUBLIC
DISCONNECT
/*C41*/SET SCHEMA PUBLIC
DISCONNECT
/*C34*/SET SCHEMA PUBLIC
DISCONNECT
/*C40*/SET SCHEMA PUBLIC
DISCONNECT
/*C43*/SET SCHEMA PUBLIC
DISCONNECT
/*C44*/SET SCHEMA PUBLIC
DISCONNECT
/*C42*/SET SCHEMA PUBLIC
DISCONNECT
/*C48*/SET SCHEMA PUBLIC
DISCONNECT
/*C46*/SET SCHEMA PUBLIC
DISCONNECT
/*C51*/SET SCHEMA PUBLIC
DISCONNECT
/*C47*/SET SCHEMA PUBLIC
DISCONNECT
/*C49*/SET SCHEMA PUBLIC
DISCONNECT
/*C45*/SET SCHEMA PUBLIC
DISCONNECT
/*C50*/SET SCHEMA PUBLIC
DISCONNECT
