[2023-11-16 15:42:45] [INFO]:
Spectator UUID: 2cd59c51-67c2-3336-bb19-566d723b0085
Spectator Name: bluecherry_
Taken         : [BOW & UNSPECIFIC_META:{meta-type=UNSPECIFIC, display-name=Rifle, enchants={ARROW_DAMAGE=2}, repair-cost=3} x 1, IRON_INGOT x 32, COOKED_MUTTON x 9, GOLD_INGOT x 58, INK_SACK x 87, IRON_HELMET x 1]
Given         : []
Target        : starstar
[2023-11-17 13:34:08] [INFO]:
Spectator UUID: 2cd59c51-67c2-3336-bb19-566d723b0085
Spectator Name: bluecherry_
Taken         : [DIAMOND_SWORD x 1, IRON_CHESTPLATE x 1, IRON_LEGGINGS x 1, IRON_BOOTS x 1]
Given         : []
Target        : Stove16
[2023-11-21 17:31:14] [INFO]:
Spectator UUID: 2cd59c51-67c2-3336-bb19-566d723b0085
Spectator Name: bluecherry_
Taken         : []
Given         : [IRON_CHESTPLATE x 1, IRON_BOOTS x 2, IRON_SWORD x 1, COOKED_CHICKEN x 3, RABBIT_HIDE x 3, IRON_HELMET x 1, RAW_CHICKEN x 1, ROTTEN_FLESH x 1, STONE x 21, IRON_LEGGINGS x 1]
Target        : meh
[2023-11-21 17:32:19] [INFO]:
Spectator UUID: 2cd59c51-67c2-3336-bb19-566d723b0085
Spectator Name: bluecherry_
Taken         : []
Given         : [WHEAT x 2, COBBLESTONE x 64, GRAVEL x 2, STONE x 5, IRON_PICKAXE x 1, IRON_INGOT x 3, IRON_LEGGINGS x 1, DIAMOND_PICKAXE x 1, RABBIT x 1, IRON_CHESTPLATE x 1, STICK x 3]
Target        : meh
[2023-11-21 17:32:36] [INFO]:
Spectator UUID: 2cd59c51-67c2-3336-bb19-566d723b0085
Spectator Name: bluecherry_
Taken         : []
Given         : [WOOL x 1, DIRT x 17, EGG x 1, SEEDS x 9, FEATHER x 12]
Target        : meh
[2023-11-21 17:32:48] [INFO]:
Spectator UUID: 2cd59c51-67c2-3336-bb19-566d723b0085
Spectator Name: bluecherry_
Taken         : []
Given         : [DIAMOND x 6]
Target        : meh
[2023-11-21 17:32:48] [INFO]:
Spectator UUID: 2cd59c51-67c2-3336-bb19-566d723b0085
Spectator Name: bluecherry_
Taken         : []
Given         : [DIAMOND x 6]
Target        : meh
